11:50:51.024 request:
1 > POST https://petstore.swagger.io/v2/user/createWithArray
1 > Accept-Encoding: gzip,deflate
1 > Connection: Keep-Alive
1 > Content-Length: 324
1 > Content-Type: application/json; charset=UTF-8
1 > Host: petstore.swagger.io
1 > User-Agent: Apache-HttpClient/4.5.5 (Java/1.8.0_65)
[{"id":134,"username":"myanarocky","firstName":"reload","lastName":"myana","email":"rakesh@gmail.com","password":"123456","phone":"12341657891","userStatus":1},{"id":987,"username":"mauryarajesh","firstName":"rajesh","lastName":"maurya","email":"rajesh@outlook.com","password":"123456","phone":"12341657891","userStatus":1}]

11:50:52.626 response time in milliseconds: 1600.34
1 < 200
1 < Access-Control-Allow-Headers: Content-Type, api_key, Authorization
1 < Access-Control-Allow-Methods: GET, POST, DELETE, PUT
1 < Access-Control-Allow-Origin: *
1 < Connection: keep-alive
1 < Content-Type: application/json
1 < Date: Tue, 27 Oct 2020 06:20:43 GMT
1 < Server: Jetty(9.2.9.v20150224)
1 < Transfer-Encoding: chunked
{"code":200,"type":"unknown","message":"ok"}

